Tue Jun 20 19:45:14 CEST 2017 : Apache Derby Network Server - 10.11.1.2 - (1629631) started and ready to accept connections on port 1527
----------------------------------------------------------------
Tue Jun 20 19:45:14 CEST 2017:
Booting Derby version The Apache Software Foundation - Apache Derby - 10.11.1.2 - (1629631): instance a816c00e-015c-c69b-bc0e-00004d954350 
on database directory F:\Java\Projecten\ConnectDB\SimpleDB\SimpleDB with class loader sun.misc.Launcher$AppClassLoader@6f94fa3e 
Loaded from file:/C:/Program%20Files/Java/jdk1.8.0_121/db/lib/derby.jar
java.vendor=Oracle Corporation
java.runtime.version=1.8.0_121-b13
user.dir=C:\Program Files\Java\jdk1.8.0_121\db
os.name=Windows 10
os.arch=amd64
os.version=10.0
derby.system.home=F:\Java\Projecten\ConnectDB\SimpleDB
Database Class Loader started - derby.database.classpath=''
----------------------------------------------------------------
Tue Jun 20 19:45:22 CEST 2017:
Shutting down instance a816c00e-015c-c69b-bc0e-00004d954350 on database directory F:\Java\Projecten\ConnectDB\SimpleDB\SimpleDB with class loader sun.misc.Launcher$AppClassLoader@6f94fa3e 
Tue Jun 20 19:45:23 CEST 2017 Thread[DRDAConnThread_2,5,main] (DATABASE = SimpleDB), (DRDAID = {2}), Database 'SimpleDB' shutdown.
----------------------------------------------------------------
Tue Jun 20 19:45:37 CEST 2017:
Booting Derby version The Apache Software Foundation - Apache Derby - 10.11.1.2 - (1629631): instance a65c80ac-015c-c69b-bc0e-00004d954350 
on database directory F:\Java\Projecten\ConnectDB\SimpleDB\SimpleDB with class loader sun.misc.Launcher$AppClassLoader@6f94fa3e 
Loaded from file:/C:/Program%20Files/Java/jdk1.8.0_121/db/lib/derby.jar
java.vendor=Oracle Corporation
java.runtime.version=1.8.0_121-b13
user.dir=C:\Program Files\Java\jdk1.8.0_121\db
os.name=Windows 10
os.arch=amd64
os.version=10.0
derby.system.home=F:\Java\Projecten\ConnectDB\SimpleDB
Database Class Loader started - derby.database.classpath=''
